[debug] [2022-04-15T19:47:39.825Z] ----------------------------------------------------------------------
[debug] [2022-04-15T19:47:39.827Z] Command:       C:\Program Files\nodejs\node.exe C:\Users\anmay\AppData\Roaming\npm\node_modules\firebase-tools\lib\bin\firebase.js init
[debug] [2022-04-15T19:47:39.827Z] CLI Version:   10.6.0
[debug] [2022-04-15T19:47:39.827Z] Platform:      win32
[debug] [2022-04-15T19:47:39.827Z] Node Version:  v14.17.6
[debug] [2022-04-15T19:47:39.828Z] Time:          Fri Apr 15 2022 14:47:39 GMT-0500 (Central Daylight Time)
[debug] [2022-04-15T19:47:39.828Z] ----------------------------------------------------------------------
[debug] 
[debug] [2022-04-15T19:47:39.880Z] > command requires scopes: ["email","openid","https://www.googleapis.com/auth/cloudplatformprojects.readonly","https://www.googleapis.com/auth/firebase","https://www.googleapis.com/auth/cloud-platform"]
[debug] [2022-04-15T19:47:39.881Z] > authorizing via signed-in user (anmaygupta01@gmail.com)
[info] 
     ######## #### ########  ######## ########     ###     ######  ########
     ##        ##  ##     ## ##       ##     ##  ##   ##  ##       ##
     ######    ##  ########  ######   ########  #########  ######  ######
     ##        ##  ##    ##  ##       ##     ## ##     ##       ## ##
     ##       #### ##     ## ######## ########  ##     ##  ######  ########

You're about to initialize a Firebase project in this directory:

  C:\Users\anmay\projects\skyr-website

Before we get started, keep in mind:

  * You are initializing within an existing Firebase project directory

